Logfile initialized
[INFO] logfile = C:\Users\Mikkel\My Documents\Titanium_Studio_Workspace\sangfundet v2\build.log
[DEBUG] C:\Users\Mikkel\AppData\Roaming\Titanium\mobilesdk\win32\2.1.0.GA\android\builder.py install sangfundet v2 C:\Program Files\Android\android-sdk C:\Users\Mikkel\My Documents\Titanium_Studio_Workspace\sangfundet v2 no.mytss.mikkelsolberg 2
[INFO] Titanium SDK version: 2.1.0 (06/28/12 12:16 6e3cab6)
[DEBUG] Waiting for device to be ready ...
[TRACE] adb devices returned 1 devices/emulators
[DEBUG] Device connected... (waited 0 seconds)
[DEBUG] waited 0.036000 seconds on emulator to get ready
[DEBUG] no.mytss.mikkelsolberg installed? False
[INFO] Copying CommonJS modules...
[INFO] Copying project resources..
[TRACE] COPYING MODIFIED FILE: C:\Users\Mikkel\My Documents\Titanium_Studio_Workspace\sangfundet v2\Resources\controllers\songDetailController.js => C:\Users\Mikkel\My Documents\Titanium_Studio_Workspace\sangfundet v2\build\android\bin\assets\Resources\controllers\songDetailController.js
[TRACE] COPYING MODIFIED FILE: C:\Users\Mikkel\My Documents\Titanium_Studio_Workspace\sangfundet v2\Resources\ui\handheld\songDetailWindow.js => C:\Users\Mikkel\My Documents\Titanium_Studio_Workspace\sangfundet v2\build\android\bin\assets\Resources\ui\handheld\songDetailWindow.js
[TRACE] Generating Java Classes
[DEBUG] Processing Android resource drawables
[DEBUG] copying app icon: C:\Users\Mikkel\My Documents\Titanium_Studio_Workspace\sangfundet v2\build\android\bin\assets\Resources\appicon.png
[DEBUG] generating theme.xml
[DEBUG] found splash screen at C:\Users\Mikkel\My Documents\Titanium_Studio_Workspace\sangfundet v2\build\android\bin\assets\Resources\default.png
[TRACE] Writing out AndroidManifest.xml
[DEBUG] adding C:\Users\Mikkel\My Documents\Titanium_Studio_Workspace\sangfundet v2\build\android\gen\no\mytss\mikkelsolberg\R.java to javac build list
[DEBUG] adding C:\Users\Mikkel\My Documents\Titanium_Studio_Workspace\sangfundet v2\build\android\gen\no\mytss\mikkelsolberg\SangfundetV2Activity.java to javac build list
[DEBUG] adding C:\Users\Mikkel\My Documents\Titanium_Studio_Workspace\sangfundet v2\build\android\gen\no\mytss\mikkelsolberg\SangfundetV2AppInfo.java to javac build list
[DEBUG] adding C:\Users\Mikkel\My Documents\Titanium_Studio_Workspace\sangfundet v2\build\android\gen\no\mytss\mikkelsolberg\SangfundetV2Application.java to javac build list
[DEBUG] Building Java Sources: "C:\\Users\\Mikkel\\My Documents\\Titanium_Studio_Workspace\\sangfundet v2\\build\\android\\gen\\no\\mytss\\mikkelsolberg\\R.java" "C:\\Users\\Mikkel\\My Documents\\Titanium_Studio_Workspace\\sangfundet v2\\build\\android\\gen\\no\\mytss\\mikkelsolberg\\SangfundetV2Activity.java" "C:\\Users\\Mikkel\\My Documents\\Titanium_Studio_Workspace\\sangfundet v2\\build\\android\\gen\\no\\mytss\\mikkelsolberg\\SangfundetV2AppInfo.java" "C:\\Users\\Mikkel\\My Documents\\Titanium_Studio_Workspace\\sangfundet v2\\build\\android\\gen\\no\\mytss\\mikkelsolberg\\SangfundetV2Application.java"
[INFO] Compiling Android Resources... This could take some time
[DEBUG] Android classes.dex built
[DEBUG] creating unsigned apk: C:\Users\Mikkel\My Documents\Titanium_Studio_Workspace\sangfundet v2\build\android\bin\app-unsigned.apk
[DEBUG] from resource zip => assets/Resources/controllers/mainController.js
[DEBUG] from resource zip => assets/Resources/controllers/songDetailController.js
[DEBUG] from resource zip => assets/Resources/controllers/songTableController.js
[DEBUG] from resource zip => assets/Resources/files/songs.js
[DEBUG] from resource zip => assets/Resources/files/test.txt
[DEBUG] from resource zip => assets/Resources/images/KS_nav_ui.png
[DEBUG] from resource zip => assets/Resources/images/KS_nav_views.png
[DEBUG] from resource zip => assets/Resources/images/download_disable_icon3.png
[DEBUG] from resource zip => assets/Resources/images/download_icon.png
[DEBUG] from resource zip => assets/Resources/images/download_icon2.png
[DEBUG] from resource zip => assets/Resources/images/download_icon3.png
[DEBUG] from resource zip => assets/Resources/images/male.png
[DEBUG] from resource zip => assets/Resources/images/pdf_icon.png
[DEBUG] from resource zip => assets/Resources/images/star_disable_icon.png
[DEBUG] from resource zip => assets/Resources/images/star_icon.png
[DEBUG] from resource zip => assets/Resources/images/star_icon2.png
[DEBUG] from resource zip => assets/Resources/lib/network.js
[DEBUG] from resource zip => assets/Resources/lib/properties.js
[DEBUG] from resource zip => assets/Resources/lib/ti.cloud.js
[DEBUG] from resource zip => assets/Resources/ui/common/ApplicationTabGroup.js
[DEBUG] from resource zip => assets/Resources/ui/common/table.js
[DEBUG] from resource zip => assets/Resources/ui/handheld/ApplicationWindow.js
[DEBUG] from resource zip => assets/Resources/ui/handheld/songDetailWindow.js
[DEBUG] from resource zip => assets/Resources/ui/tablet/ApplicationWindow.js
[DEBUG] from resource zip => assets/Resources/KS_nav_ui.png
[DEBUG] from resource zip => assets/Resources/KS_nav_views.png
[DEBUG] from resource zip => assets/Resources/app.js
[DEBUG] from resource zip => assets/Resources/appicon.png
[DEBUG] from resource zip => assets/Resources/default.png
[DEBUG] from resource zip => assets/Resources/ti.cloud.js
[DEBUG] from resource zip => assets/app.json
[DEBUG] from resource zip => assets/index.json
[DEBUG] from resource zip => assets/tiapp.xml
[DEBUG] from resource zip => res/drawable/appicon.png
[DEBUG] from resource zip => res/drawable/background.png
[DEBUG] from resource zip => res/layout/titanium_tabgroup.xml
[DEBUG] from resource zip => AndroidManifest.xml
[DEBUG] from resource zip => resources.arsc
[DEBUG] from JAR C:\Users\Mikkel\AppData\Roaming\Titanium\mobilesdk\win32\2.1.0.GA\android\titanium.jar => org/appcelerator/titanium/build.properties
[DEBUG] from JAR C:\Users\Mikkel\AppData\Roaming\Titanium\mobilesdk\win32\2.1.0.GA\android\titanium.jar => org/appcelerator/titanium/res/drawable/background.png
[DEBUG] from JAR C:\Users\Mikkel\AppData\Roaming\Titanium\mobilesdk\win32\2.1.0.GA\android\titanium.jar => org/appcelerator/titanium/res/drawable/btn_check_buttonless_on.png
[DEBUG] from JAR C:\Users\Mikkel\AppData\Roaming\Titanium\mobilesdk\win32\2.1.0.GA\android\titanium.jar => org/appcelerator/titanium/res/drawable/btn_check_buttonless_on_18.png
[DEBUG] from JAR C:\Users\Mikkel\AppData\Roaming\Titanium\mobilesdk\win32\2.1.0.GA\android\titanium.jar => org/appcelerator/titanium/res/drawable/btn_check_buttonless_on_48.png
[DEBUG] from JAR C:\Users\Mikkel\AppData\Roaming\Titanium\mobilesdk\win32\2.1.0.GA\android\titanium.jar => org/appcelerator/titanium/res/drawable/btn_more.png
[DEBUG] from JAR C:\Users\Mikkel\AppData\Roaming\Titanium\mobilesdk\win32\2.1.0.GA\android\titanium.jar => org/appcelerator/titanium/res/drawable/btn_more_18.png
[DEBUG] from JAR C:\Users\Mikkel\AppData\Roaming\Titanium\mobilesdk\win32\2.1.0.GA\android\titanium.jar => org/appcelerator/titanium/res/drawable/btn_more_48.png
[DEBUG] from JAR C:\Users\Mikkel\AppData\Roaming\Titanium\mobilesdk\win32\2.1.0.GA\android\titanium.jar => org/appcelerator/titanium/res/drawable/btn_picker_normal.9.png
[DEBUG] from JAR C:\Users\Mikkel\AppData\Roaming\Titanium\mobilesdk\win32\2.1.0.GA\android\titanium.jar => org/appcelerator/titanium/res/drawable/btn_picker_pressed.9.png
[DEBUG] from JAR C:\Users\Mikkel\AppData\Roaming\Titanium\mobilesdk\win32\2.1.0.GA\android\titanium.jar => org/appcelerator/titanium/res/drawable/btn_picker_selected.9.png
[DEBUG] from JAR C:\Users\Mikkel\AppData\Roaming\Titanium\mobilesdk\win32\2.1.0.GA\android\titanium.jar => org/appcelerator/titanium/res/drawable/default_icon.png
[DEBUG] from JAR C:\Users\Mikkel\AppData\Roaming\Titanium\mobilesdk\win32\2.1.0.GA\android\titanium.jar => org/appcelerator/titanium/res/drawable/photoDefault.png
[DEBUG] from JAR C:\Users\Mikkel\AppData\Roaming\Titanium\mobilesdk\win32\2.1.0.GA\android\modules\titanium-ui.jar => ti/modules/titanium/ui/widget/webview/binding.js
[DEBUG] from JAR C:\Users\Mikkel\AppData\Roaming\Titanium\mobilesdk\win32\2.1.0.GA\android\modules\titanium-ui.jar => ti/modules/titanium/ui/widget/webview/binding.min.js
[DEBUG] from JAR C:\Users\Mikkel\AppData\Roaming\Titanium\mobilesdk\win32\2.1.0.GA\android\modules\titanium-ui.jar => ti/modules/titanium/ui/widget/webview/json2.js
[DEBUG] from JAR C:\Users\Mikkel\AppData\Roaming\Titanium\mobilesdk\win32\2.1.0.GA\android\thirdparty.jar => org/apache/Commons-NOTICE.txt
[DEBUG] from JAR C:\Users\Mikkel\AppData\Roaming\Titanium\mobilesdk\win32\2.1.0.GA\android\thirdparty.jar => org/apache/HttpComponents-NOTICE.txt
[DEBUG] from JAR C:\Users\Mikkel\AppData\Roaming\Titanium\mobilesdk\win32\2.1.0.GA\android\thirdparty.jar => org/apache/mime4j-NOTICE.txt
[DEBUG] installing native SDK libs
[DEBUG] Waiting for device to be ready ...
[TRACE] adb devices returned 1 devices/emulators
[DEBUG] Device connected... (waited 0 seconds)
[DEBUG] waited 0.061000 seconds on emulator to get ready
[INFO] Installing application on device
[INFO] Application installed. Launch from drawer on Home Screen
